Build started 8/29/2016 12:55:25 AM.
     1>Project "C:\Users\Yue Xian\Desktop\SP3-Team-9\Studio Project 3\Base\Base.vcxproj" on node 2 (Build target(s)).
     1>ClCompile:
         C:\Program Files (x86)\Microsoft Visual Studio 12.0\VC\bin\CL.exe /c /I"C:\Users\Yue Xian\Desktop\SP3-Team-9\Studio Project 3\/Common/Source" /I"C:\Users\Yue Xian\Desktop\SP3-Team-9\Studio Project 3\/glew/include" /I"C:\Users\Yue Xian\Desktop\SP3-Team-9\Studio Project 3\/glfw/include" /ZI /nologo /W3 /WX- /Od /Oy- /D _VARIADIC_MAX=10 /D WIN32 /D _DEBUG /D _CONSOLE /D _UNICODE /D UNICODE /Gm /EHsc /RTC1 /MDd /GS /fp:precise /Zc:wchar_t /Zc:forScope /Fo"Debug\\" /Fd"Debug\vc120.pdb" /Gd /TP /analyze- /errorReport:prompt Source\SceneNightmareTrench.cpp
         SceneNightmareTrench.cpp
     1>c:\users\yue xian\desktop\sp3-team-9\studio project 3\base\source\scenenightmaretrench.cpp(81): warning C4244: 'argument' : conversion from 'double' to 'float', possible loss of data
     1>c:\users\yue xian\desktop\sp3-team-9\studio project 3\base\source\scenenightmaretrench.cpp(81): warning C4305: 'argument' : truncation from 'double' to 'float'
     1>c:\users\yue xian\desktop\sp3-team-9\studio project 3\base\source\scenenightmaretrench.cpp(88): warning C4244: 'argument' : conversion from 'double' to 'float', possible loss of data
     1>c:\users\yue xian\desktop\sp3-team-9\studio project 3\base\source\scenenightmaretrench.cpp(88): warning C4305: 'argument' : truncation from 'double' to 'float'
     1>c:\users\yue xian\desktop\sp3-team-9\studio project 3\base\source\scenenightmaretrench.cpp(94): warning C4305: 'argument' : truncation from 'double' to 'float'
     1>c:\users\yue xian\desktop\sp3-team-9\studio project 3\base\source\scenenightmaretrench.cpp(100): warning C4305: 'argument' : truncation from 'double' to 'float'
     1>c:\users\yue xian\desktop\sp3-team-9\studio project 3\base\source\scenenightmaretrench.cpp(122): warning C4305: 'argument' : truncation from 'double' to 'float'
     1>c:\users\yue xian\desktop\sp3-team-9\studio project 3\base\source\scenenightmaretrench.cpp(344): warning C4305: 'argument' : truncation from 'double' to 'float'
     1>c:\users\yue xian\desktop\sp3-team-9\studio project 3\base\source\scenenightmaretrench.cpp(351): warning C4305: 'argument' : truncation from 'double' to 'float'
     1>c:\users\yue xian\desktop\sp3-team-9\studio project 3\base\source\scenenightmaretrench.cpp(360): warning C4305: 'argument' : truncation from 'double' to 'float'
     1>c:\users\yue xian\desktop\sp3-team-9\studio project 3\base\source\scenenightmaretrench.cpp(366): warning C4305: 'argument' : truncation from 'double' to 'float'
       Link:
         C:\Program Files (x86)\Microsoft Visual Studio 12.0\VC\bin\link.exe /ERRORREPORT:PROMPT /OUT:"C:\Users\Yue Xian\Desktop\SP3-Team-9\Studio Project 3\Debug\Base.exe" /INCREMENTAL:NO /NOLOGO /LIBPATH:"C:\Users\Yue Xian\Desktop\SP3-Team-9\Studio Project 3\Debug" /LIBPATH:"C:\Users\Yue Xian\Desktop\SP3-Team-9\Studio Project 3\/glfw/lib-msvc100" /LIBPATH:"C:\Users\Yue Xian\Desktop\SP3-Team-9\Studio Project 3\/glew/lib" Common.lib winmm.lib opengl32.lib glu32.lib glew32.lib glfw3.lib kernel32.lib user32.lib gdi32.lib winspool.lib comdlg32.lib advapi32.lib shell32.lib ole32.lib oleaut32.lib uuid.lib odbc32.lib odbccp32.lib /MANIFEST /MANIFESTUAC:"level='asInvoker' uiAccess='false'" /manifest:embed /DEBUG /PDB:"C:\Users\Yue Xian\Desktop\SP3-Team-9\Studio Project 3\Debug\Base.pdb" /SUBSYSTEM:CONSOLE /TLBID:1 /DYNAMICBASE /NXCOMPAT /IMPLIB:"C:\Users\Yue Xian\Desktop\SP3-Team-9\Studio Project 3\Debug\Base.lib" /MACHINE:X86 Debug\Application.obj
         Debug\Boss.obj
         Debug\Camera.obj
         Debug\Camera2.obj
         Debug\Camera3.obj
         Debug\Capture.obj
         Debug\Chimera.obj
         Debug\CollisionManager.obj
         Debug\Cuttlefish.obj
         Debug\DamageText.obj
         Debug\DepthFBO.obj
         Debug\Fcrab.obj
         Debug\FrilledShark.obj
         Debug\GameObject.obj
         Debug\GiantCrab.obj
         Debug\GiantSquid.obj
         Debug\GiantSquidTentacle.obj
         Debug\Isopod.obj
         Debug\LoadHmap.obj
         Debug\LoadOBJ.obj
         Debug\LoadTGA.obj
         Debug\main.obj
         Debug\Mesh.obj
         Debug\MeshBuilder.obj
         Debug\Minnow.obj
         Debug\OBJMesh.obj
         Debug\Particle.obj
         Debug\Projectile.obj
         Debug\Pufferfish.obj
         Debug\SceneCalmPlateu.obj
         Debug\SceneCreepingRidge.obj
         Debug\SceneGhastlyDepths.obj
         Debug\SceneManager.obj
         Debug\SceneNightmareTrench.obj
         Debug\SceneTutorial.obj
         Debug\SeaCreature.obj
         Debug\shader.obj
         Debug\Skipper.obj
         Debug\Spawner.obj
         Debug\SpriteAnimation.obj
         Debug\SceneSP3.obj
         Debug\ThirdPersonCamera.obj
         Debug\Utility.obj
         Debug\WalkCamera.obj
     1>Application.obj : warning LNK4075: ignoring '/EDITANDCONTINUE' due to '/OPT:LBR' specification
     1>LINK : warning LNK4098: defaultlib 'MSVCRT' conflicts with use of other libs; use /NODEFAULTLIB:library
         Base.vcxproj -> C:\Users\Yue Xian\Desktop\SP3-Team-9\Studio Project 3\Debug\Base.exe
     1>Done Building Project "C:\Users\Yue Xian\Desktop\SP3-Team-9\Studio Project 3\Base\Base.vcxproj" (Build target(s)).

Build succeeded.

Time Elapsed 00:00:01.05
