c:\users\509n1\desktop\sp3\studio project 3\base\debug\vc120.pdb
c:\users\509n1\desktop\sp3\studio project 3\base\debug\vc120.idb
c:\users\509n1\desktop\sp3\studio project 3\base\debug\meshbuilder.obj
c:\users\509n1\desktop\sp3\studio project 3\base\debug\minnow.obj
c:\users\509n1\desktop\sp3\studio project 3\base\debug\objmesh.obj
c:\users\509n1\desktop\sp3\studio project 3\base\debug\particle.obj
c:\users\509n1\desktop\sp3\studio project 3\base\debug\projectile.obj
c:\users\509n1\desktop\sp3\studio project 3\base\debug\pufferfish.obj
c:\users\509n1\desktop\sp3\studio project 3\base\debug\scenecalmplateu.obj
c:\users\509n1\desktop\sp3\studio project 3\base\debug\scenecreepingridge.obj
c:\users\509n1\desktop\sp3\studio project 3\base\debug\sceneghastlydepths.obj
c:\users\509n1\desktop\sp3\studio project 3\base\debug\scenemanager.obj
c:\users\509n1\desktop\sp3\studio project 3\base\debug\scenenightmaretrench.obj
c:\users\509n1\desktop\sp3\studio project 3\base\debug\scenetutorial.obj
c:\users\509n1\desktop\sp3\studio project 3\base\debug\seacreature.obj
c:\users\509n1\desktop\sp3\studio project 3\base\debug\shader.obj
c:\users\509n1\desktop\sp3\studio project 3\base\debug\skipper.obj
c:\users\509n1\desktop\sp3\studio project 3\base\debug\spriteanimation.obj
c:\users\509n1\desktop\sp3\studio project 3\base\debug\scenesp3.obj
c:\users\509n1\desktop\sp3\studio project 3\base\debug\thirdpersoncamera.obj
c:\users\509n1\desktop\sp3\studio project 3\base\debug\utility.obj
c:\users\509n1\desktop\sp3\studio project 3\base\debug\walkcamera.obj
c:\users\509n1\desktop\sp3\studio project 3\base\debug\application.obj
c:\users\509n1\desktop\sp3\studio project 3\base\debug\boss.obj
c:\users\509n1\desktop\sp3\studio project 3\base\debug\camera.obj
c:\users\509n1\desktop\sp3\studio project 3\base\debug\camera2.obj
c:\users\509n1\desktop\sp3\studio project 3\base\debug\camera3.obj
c:\users\509n1\desktop\sp3\studio project 3\base\debug\capture.obj
c:\users\509n1\desktop\sp3\studio project 3\base\debug\depthfbo.obj
c:\users\509n1\desktop\sp3\studio project 3\base\debug\fcrab.obj
c:\users\509n1\desktop\sp3\studio project 3\base\debug\gameobject.obj
c:\users\509n1\desktop\sp3\studio project 3\base\debug\giantsquid.obj
c:\users\509n1\desktop\sp3\studio project 3\base\debug\giantsquidtentacle.obj
c:\users\509n1\desktop\sp3\studio project 3\base\debug\loadhmap.obj
c:\users\509n1\desktop\sp3\studio project 3\base\debug\loadobj.obj
c:\users\509n1\desktop\sp3\studio project 3\base\debug\loadtga.obj
c:\users\509n1\desktop\sp3\studio project 3\base\debug\main.obj
c:\users\509n1\desktop\sp3\studio project 3\base\debug\mesh.obj
c:\users\509n1\desktop\sp3\studio project 3\base\debug\chimera.obj
c:\users\509n1\desktop\sp3\studio project 3\base\debug\collisionmanager.obj
c:\users\509n1\desktop\sp3\studio project 3\base\debug\damagetext.obj
c:\users\509n1\desktop\sp3\studio project 3\base\debug\frilledshark.obj
c:\users\509n1\desktop\sp3\studio project 3\base\debug\spawner.obj
c:\users\509n1\desktop\sp3\studio project 3\debug\base.exe
c:\users\509n1\desktop\sp3\studio project 3\debug\base.pdb
c:\users\509n1\desktop\sp3\studio project 3\base\debug\base.tlog\cl.command.1.tlog
c:\users\509n1\desktop\sp3\studio project 3\base\debug\base.tlog\cl.read.1.tlog
c:\users\509n1\desktop\sp3\studio project 3\base\debug\base.tlog\cl.write.1.tlog
c:\users\509n1\desktop\sp3\studio project 3\base\debug\base.tlog\link.command.1.tlog
c:\users\509n1\desktop\sp3\studio project 3\base\debug\base.tlog\link.read.1.tlog
c:\users\509n1\desktop\sp3\studio project 3\base\debug\base.tlog\link.write.1.tlog
